c:\users\lubok\desktop\projects\3dopengl\3dopengl\debug\vc142.pdb
c:\users\lubok\desktop\projects\3dopengl\3dopengl\debug\vc142.idb
c:\users\lubok\desktop\projects\3dopengl\3dopengl\debug\audiomanager.sbr
c:\users\lubok\desktop\projects\3dopengl\3dopengl\debug\game.sbr
c:\users\lubok\desktop\projects\3dopengl\3dopengl\debug\imgui.sbr
c:\users\lubok\desktop\projects\3dopengl\3dopengl\debug\imgui_demo.sbr
c:\users\lubok\desktop\projects\3dopengl\3dopengl\debug\imgui_draw.sbr
c:\users\lubok\desktop\projects\3dopengl\3dopengl\debug\imgui_impl_opengl3.sbr
c:\users\lubok\desktop\projects\3dopengl\3dopengl\debug\imgui_tables.sbr
c:\users\lubok\desktop\projects\3dopengl\3dopengl\debug\imgui_widgets.sbr
c:\users\lubok\desktop\projects\3dopengl\3dopengl\debug\main.sbr
c:\users\lubok\desktop\projects\3dopengl\3dopengl\debug\particlesystem.sbr
c:\users\lubok\desktop\projects\3dopengl\3dopengl\debug\random.sbr
c:\users\lubok\desktop\projects\3dopengl\3dopengl\debug\random.obj
c:\users\lubok\desktop\projects\3dopengl\3dopengl\debug\particlesystem.obj
c:\users\lubok\desktop\projects\3dopengl\3dopengl\debug\main.obj
c:\users\lubok\desktop\projects\3dopengl\3dopengl\debug\imgui_widgets.obj
c:\users\lubok\desktop\projects\3dopengl\3dopengl\debug\imgui_tables.obj
c:\users\lubok\desktop\projects\3dopengl\3dopengl\debug\imgui_impl_opengl3.obj
c:\users\lubok\desktop\projects\3dopengl\3dopengl\debug\imgui_draw.obj
c:\users\lubok\desktop\projects\3dopengl\3dopengl\debug\imgui_demo.obj
c:\users\lubok\desktop\projects\3dopengl\3dopengl\debug\imgui.obj
c:\users\lubok\desktop\projects\3dopengl\3dopengl\debug\game.obj
c:\users\lubok\desktop\projects\3dopengl\3dopengl\debug\audiomanager.obj
c:\users\lubok\desktop\projects\3dopengl\debug\3dopengl.exe
c:\users\lubok\desktop\projects\3dopengl\3dopengl\debug\3dopengl.ilk
c:\users\lubok\desktop\projects\3dopengl\debug\3dopengl.pdb
c:\users\lubok\desktop\projects\3dopengl\debug\3dopengl.bsc
c:\users\lubok\desktop\projects\3dopengl\3dopengl\debug\3dopengl.tlog\bscmake.command.1.tlog
c:\users\lubok\desktop\projects\3dopengl\3dopengl\debug\3dopengl.tlog\bscmake.read.1.tlog
c:\users\lubok\desktop\projects\3dopengl\3dopengl\debug\3dopengl.tlog\cl.command.1.tlog
c:\users\lubok\desktop\projects\3dopengl\3dopengl\debug\3dopengl.tlog\cl.read.1.tlog
c:\users\lubok\desktop\projects\3dopengl\3dopengl\debug\3dopengl.tlog\cl.write.1.tlog
c:\users\lubok\desktop\projects\3dopengl\3dopengl\debug\3dopengl.tlog\link.command.1.tlog
c:\users\lubok\desktop\projects\3dopengl\3dopengl\debug\3dopengl.tlog\link.read.1.tlog
c:\users\lubok\desktop\projects\3dopengl\3dopengl\debug\3dopengl.tlog\link.write.1.tlog
