  AudioManager.cpp
C:\Users\lubok\Desktop\Projects\3DopenGL\3DopenGL\AudioManager.cpp(9,19): warning C4244: 'return': conversion from 'double' to 'float', possible loss of data
C:\Users\lubok\Desktop\Projects\3DopenGL\3DopenGL\AudioManager.cpp(14,30): warning C4244: 'initializing': conversion from 'double' to 'float', possible loss of data
C:\Users\lubok\Desktop\Projects\3DopenGL\3DopenGL\AudioManager.cpp(15,19): warning C4244: 'return': conversion from 'double' to 'float', possible loss of data
C:\Users\lubok\Desktop\Projects\3DopenGL\3DopenGL\AudioManager.cpp(41,12): warning C4244: 'argument': conversion from 'time_t' to 'unsigned int', possible loss of data
  Game.cpp
C:\Users\lubok\Desktop\Projects\3DopenGL\3DopenGL\Mesh.h(94,12): warning C4244: 'initializing': conversion from 'int' to 'float', possible loss of data
C:\Users\lubok\Desktop\Projects\3DopenGL\3DopenGL\Mesh.h(95,12): warning C4244: 'initializing': conversion from 'int' to 'float', possible loss of data
C:\Users\lubok\Desktop\Projects\3DopenGL\3DopenGL\Mesh.h(96,12): warning C4244: 'initializing': conversion from 'int' to 'float', possible loss of data
C:\Users\lubok\Desktop\Projects\3DopenGL\3DopenGL\PlanetMesh.h(91,12): warning C4244: 'initializing': conversion from 'int' to 'float', possible loss of data
C:\Users\lubok\Desktop\Projects\3DopenGL\3DopenGL\PlanetMesh.h(92,12): warning C4244: 'initializing': conversion from 'int' to 'float', possible loss of data
C:\Users\lubok\Desktop\Projects\3DopenGL\3DopenGL\PlanetMesh.h(93,12): warning C4244: 'initializing': conversion from 'int' to 'float', possible loss of data
  imgui.cpp
  imgui_demo.cpp
  imgui_draw.cpp
  imgui_impl_opengl3.cpp
  imgui_tables.cpp
  imgui_widgets.cpp
  Main.cpp
C:\Users\lubok\Desktop\Projects\3DopenGL\3DopenGL\Mesh.h(94,12): warning C4244: 'initializing': conversion from 'int' to 'float', possible loss of data
C:\Users\lubok\Desktop\Projects\3DopenGL\3DopenGL\Mesh.h(95,12): warning C4244: 'initializing': conversion from 'int' to 'float', possible loss of data
C:\Users\lubok\Desktop\Projects\3DopenGL\3DopenGL\Mesh.h(96,12): warning C4244: 'initializing': conversion from 'int' to 'float', possible loss of data
C:\Users\lubok\Desktop\Projects\3DopenGL\3DopenGL\PlanetMesh.h(91,12): warning C4244: 'initializing': conversion from 'int' to 'float', possible loss of data
C:\Users\lubok\Desktop\Projects\3DopenGL\3DopenGL\PlanetMesh.h(92,12): warning C4244: 'initializing': conversion from 'int' to 'float', possible loss of data
C:\Users\lubok\Desktop\Projects\3DopenGL\3DopenGL\PlanetMesh.h(93,12): warning C4244: 'initializing': conversion from 'int' to 'float', possible loss of data
  ParticleSystem.cpp
C:\Users\lubok\Desktop\Projects\3DopenGL\3DopenGL\Mesh.h(94,12): warning C4244: 'initializing': conversion from 'int' to 'float', possible loss of data
C:\Users\lubok\Desktop\Projects\3DopenGL\3DopenGL\Mesh.h(95,12): warning C4244: 'initializing': conversion from 'int' to 'float', possible loss of data
C:\Users\lubok\Desktop\Projects\3DopenGL\3DopenGL\Mesh.h(96,12): warning C4244: 'initializing': conversion from 'int' to 'float', possible loss of data
C:\Users\lubok\Desktop\Projects\3DopenGL\3DopenGL\PlanetMesh.h(91,12): warning C4244: 'initializing': conversion from 'int' to 'float', possible loss of data
C:\Users\lubok\Desktop\Projects\3DopenGL\3DopenGL\PlanetMesh.h(92,12): warning C4244: 'initializing': conversion from 'int' to 'float', possible loss of data
C:\Users\lubok\Desktop\Projects\3DopenGL\3DopenGL\PlanetMesh.h(93,12): warning C4244: 'initializing': conversion from 'int' to 'float', possible loss of data
  Random.cpp
  Generating code
  Previous IPDB not found, fall back to full compilation.
  All 1538 functions were compiled because no usable IPDB/IOBJ from previous compilation was found.
  Finished generating code
  3DopenGL.vcxproj -> C:\Users\lubok\Desktop\Projects\3DopenGL\Release\3DopenGL.exe
